0 info it worked if it ends with ok
1 verbose cli [ '/usr/local/bin/node', '/usr/local/bin/npm', 'run', 'eject' ]
2 info using npm@3.9.5
3 info using node@v6.2.2
4 verbose run-script [ 'preeject', 'eject', 'posteject' ]
5 info lifecycle react-demo@0.1.0~preeject: react-demo@0.1.0
6 silly lifecycle react-demo@0.1.0~preeject: no script for preeject, continuing
7 info lifecycle react-demo@0.1.0~eject: react-demo@0.1.0
8 verbose lifecycle react-demo@0.1.0~eject: unsafe-perm in lifecycle true
9 verbose lifecycle react-demo@0.1.0~eject: PATH: /usr/local/lib/node_modules/npm/bin/node-gyp-bin:/Users/tianye17/demor/react-demo/node_modules/.bin:/usr/local/bin:/Users/tianye17/.avn/bin:/usr/local/bin:/usr/bin:/bin:/usr/sbin:/sbin:/Users/tianye17/.avn/bin
10 verbose lifecycle react-demo@0.1.0~eject: CWD: /Users/tianye17/demor/react-demo
11 silly lifecycle react-demo@0.1.0~eject: Args: [ '-c', 'react-scripts eject' ]
12 silly lifecycle react-demo@0.1.0~eject: Returned: code: 1  signal: null
13 info lifecycle react-demo@0.1.0~eject: Failed to exec eject script
14 verbose stack Error: react-demo@0.1.0 eject: `react-scripts eject`
14 verbose stack Exit status 1
14 verbose stack     at EventEmitter.<anonymous> (/usr/local/lib/node_modules/npm/lib/utils/lifecycle.js:245:16)
14 verbose stack     at emitTwo (events.js:106:13)
14 verbose stack     at EventEmitter.emit (events.js:191:7)
14 verbose stack     at ChildProcess.<anonymous> (/usr/local/lib/node_modules/npm/lib/utils/spawn.js:24:14)
14 verbose stack     at emitTwo (events.js:106:13)
14 verbose stack     at ChildProcess.emit (events.js:191:7)
14 verbose stack     at maybeClose (internal/child_process.js:852:16)
14 verbose stack     at Process.ChildProcess._handle.onexit (internal/child_process.js:215:5)
15 verbose pkgid react-demo@0.1.0
16 verbose cwd /Users/tianye17/demor/react-demo
17 error Darwin 17.7.0
18 error argv "/usr/local/bin/node" "/usr/local/bin/npm" "run" "eject"
19 error node v6.2.2
20 error npm  v3.9.5
21 error code ELIFECYCLE
22 error react-demo@0.1.0 eject: `react-scripts eject`
22 error Exit status 1
23 error Failed at the react-demo@0.1.0 eject script 'react-scripts eject'.
23 error Make sure you have the latest version of node.js and npm installed.
23 error If you do, this is most likely a problem with the react-demo package,
23 error not with npm itself.
23 error Tell the author that this fails on your system:
23 error     react-scripts eject
23 error You can get information on how to open an issue for this project with:
23 error     npm bugs react-demo
23 error Or if that isn't available, you can get their info via:
23 error     npm owner ls react-demo
23 error There is likely additional logging output above.
24 verbose exit [ 1, true ]
